[ +280 ms] Artifact Instance of 'MaterialFonts' is not required, skipping update.
[   +1 ms] Artifact Instance of 'GradleWrapper' is not required, skipping update.
[        ] Artifact Instance of 'AndroidGenSnapshotArtifacts' is not required, skipping update.
[        ] Artifact Instance of 'AndroidInternalBuildArtifacts' is not required, skipping update.
[        ] Artifact Instance of 'IOSEngineArtifacts' is not required, skipping update.
[        ] Artifact Instance of 'FlutterWebSdk' is not required, skipping update.
[   +1 ms] Artifact Instance of 'LegacyCanvasKitRemover' is not required, skipping update.
[        ] Artifact Instance of 'FlutterSdk' is not required, skipping update.
[        ] Artifact Instance of 'WindowsEngineArtifacts' is not required, skipping update.
[        ] Artifact Instance of 'MacOSEngineArtifacts' is not required, skipping update.
[        ] Artifact Instance of 'LinuxEngineArtifacts' is not required, skipping update.
[        ] Artifact Instance of 'LinuxFuchsiaSDKArtifacts' is not required, skipping update.
[        ] Artifact Instance of 'MacOSFuchsiaSDKArtifacts' is not required, skipping update.
[        ] Artifact Instance of 'FlutterRunnerSDKArtifacts' is not required, skipping update.
[        ] Artifact Instance of 'FlutterRunnerDebugSymbols' is not required, skipping update.
[        ] Artifact Instance of 'IosUsbArtifacts' is not required, skipping update.
[        ] Artifact Instance of 'IosUsbArtifacts' is not required, skipping update.
[        ] Artifact Instance of 'IosUsbArtifacts' is not required, skipping update.
[        ] Artifact Instance of 'IosUsbArtifacts' is not required, skipping update.
[        ] Artifact Instance of 'IosUsbArtifacts' is not required, skipping update.
[        ] Artifact Instance of 'IosUsbArtifacts' is not required, skipping update.
[        ] Artifact Instance of 'FontSubsetArtifacts' is not required, skipping update.
[        ] Artifact Instance of 'PubDependencies' is not required, skipping update.
[   +2 ms] executing: [C:\flutter 2\flutter/] git -c log.showSignature=false log HEAD -n 1 --pretty=format:%ad --date=iso
[  +63 ms] Exit code 0 from: git -c log.showSignature=false log HEAD -n 1 --pretty=format:%ad --date=iso
[        ] 2026-03-25 16:21:00 -0700
[  +19 ms] Artifact Instance of 'AndroidGenSnapshotArtifacts' is not required, skipping update.
[        ] Artifact Instance of 'AndroidInternalBuildArtifacts' is not required, skipping update.
[        ] Artifact Instance of 'IOSEngineArtifacts' is not required, skipping update.
[        ] Artifact Instance of 'FlutterWebSdk' is not required, skipping update.
[        ] Artifact Instance of 'FlutterEngineStamp' is not required, skipping update.
[        ] Artifact Instance of 'LegacyCanvasKitRemover' is not required, skipping update.
[   +3 ms] Artifact Instance of 'WindowsEngineArtifacts' is not required, skipping update.
[        ] Artifact Instance of 'MacOSEngineArtifacts' is not required, skipping update.
[        ] Artifact Instance of 'LinuxEngineArtifacts' is not required, skipping update.
[        ] Artifact Instance of 'LinuxFuchsiaSDKArtifacts' is not required, skipping update.
[        ] Artifact Instance of 'MacOSFuchsiaSDKArtifacts' is not required, skipping update.
[        ] Artifact Instance of 'FlutterRunnerSDKArtifacts' is not required, skipping update.
[        ] Artifact Instance of 'FlutterRunnerDebugSymbols' is not required, skipping update.
flutter : [   +2 ms] Flutter 
assets will be downloaded from 
https://storage.flutter-io.cn. 
Make sure you trust this 
source!
At line:1 char:103
+ ... age.flutter-io.cn"; 
flutter build windows -v > 
verbose_build.log 2>&1
+                         ~~~~~
~~~~~~~~~~~~~~~~~~~~~~~~~~~~~~~
~~~~~~~~~~~~~
    + CategoryInfo          :  
   NotSpecified: ([   +2 ms]   
  Flut...st this source!:Str   
 ing) [], RemoteException
    + FullyQualifiedErrorId :  
   NativeCommandError
 
[  +87 ms] Artifact Instance of 'MaterialFonts' is not required, skipping update.
[        ] Artifact Instance of 'GradleWrapper' is not required, skipping update.
[        ] Artifact Instance of 'AndroidGenSnapshotArtifacts' is not required, skipping update.
[        ] Artifact Instance of 'AndroidInternalBuildArtifacts' is not required, skipping update.
[        ] Artifact Instance of 'IOSEngineArtifacts' is not required, skipping update.
[        ] Artifact Instance of 'FlutterWebSdk' is not required, skipping update.
[        ] Artifact Instance of 'FlutterEngineStamp' is not required, skipping update.
[        ] Artifact Instance of 'LegacyCanvasKitRemover' is not required, skipping update.
[        ] Artifact Instance of 'FlutterSdk' is not required, skipping update.
[   +3 ms] Artifact Instance of 'MacOSEngineArtifacts' is not required, skipping update.
[        ] Artifact Instance of 'LinuxEngineArtifacts' is not required, skipping update.
[        ] Artifact Instance of 'LinuxFuchsiaSDKArtifacts' is not required, skipping update.
[        ] Artifact Instance of 'MacOSFuchsiaSDKArtifacts' is not required, skipping update.
[        ] Artifact Instance of 'FlutterRunnerSDKArtifacts' is not required, skipping update.
[        ] Artifact Instance of 'FlutterRunnerDebugSymbols' is not required, skipping update.
[        ] Artifact Instance of 'IosUsbArtifacts' is not required, skipping update.
[        ] Artifact Instance of 'IosUsbArtifacts' is not required, skipping update.
[        ] Artifact Instance of 'IosUsbArtifacts' is not required, skipping update.
[        ] Artifact Instance of 'IosUsbArtifacts' is not required, skipping update.
[        ] Artifact Instance of 'IosUsbArtifacts' is not required, skipping update.
[        ] Artifact Instance of 'IosUsbArtifacts' is not required, skipping update.
[        ] Artifact Instance of 'FontSubsetArtifacts' is not required, skipping update.
[        ] Artifact Instance of 'PubDependencies' is not required, skipping update.
[  +16 ms] Skipping pub get: version match.
[ +134 ms] Found plugin permission_handler at C:\Users\hp\AppData\Local\Pub\Cache\hosted\pub.dev\permission_handler-11.4.0\
[   +4 ms] Found plugin permission_handler_windows at C:\Users\hp\AppData\Local\Pub\Cache\hosted\pub.dev\permission_handler_windows-0.2.1\
[   +6 ms] Found plugin permission_handler_html at C:\Users\hp\AppData\Local\Pub\Cache\hosted\pub.dev\permission_handler_html-0.1.3+5\
[   +6 ms] Found plugin permission_handler_apple at C:\Users\hp\AppData\Local\Pub\Cache\hosted\pub.dev\permission_handler_apple-9.4.7\
[   +2 ms] Found plugin permission_handler_android at C:\Users\hp\AppData\Local\Pub\Cache\hosted\pub.dev\permission_handler_android-12.1.0\
[  +19 ms] Found plugin path_provider at C:\Users\hp\AppData\Local\Pub\Cache\hosted\pub.dev\path_provider-2.1.5\
[   +2 ms] Found plugin path_provider_windows at C:\Users\hp\AppData\Local\Pub\Cache\hosted\pub.dev\path_provider_windows-2.3.0\
[  +11 ms] Found plugin path_provider_linux at C:\Users\hp\AppData\Local\Pub\Cache\hosted\pub.dev\path_provider_linux-2.2.1\
[   +6 ms] Found plugin path_provider_foundation at C:\Users\hp\AppData\Local\Pub\Cache\hosted\pub.dev\path_provider_foundation-2.4.2\
[   +7 ms] Found plugin path_provider_android at C:\Users\hp\AppData\Local\Pub\Cache\hosted\pub.dev\path_provider_android-2.2.19\
[   +5 ms] Found plugin flutter_local_notifications at C:\Users\hp\AppData\Local\Pub\Cache\hosted\pub.dev\flutter_local_notifications-17.2.4\
[   +7 ms] Found plugin flutter_local_notifications_linux at C:\Users\hp\AppData\Local\Pub\Cache\hosted\pub.dev\flutter_local_notifications_linux-4.0.1\
[  +17 ms] Found plugin firebase_messaging at C:\Users\hp\AppData\Local\Pub\Cache\hosted\pub.dev\firebase_messaging-15.2.10\
[   +3 ms] Found plugin firebase_messaging_web at C:\Users\hp\AppData\Local\Pub\Cache\hosted\pub.dev\firebase_messaging_web-3.10.10\
[   +3 ms] Found plugin firebase_core at C:\Users\hp\AppData\Local\Pub\Cache\hosted\pub.dev\firebase_core-3.15.2\
[   +1 ms] Found plugin firebase_core_web at C:\Users\hp\AppData\Local\Pub\Cache\hosted\pub.dev\firebase_core_web-2.24.1\
[   +5 ms] Found plugin firebase_auth at C:\Users\hp\AppData\Local\Pub\Cache\hosted\pub.dev\firebase_auth-5.7.0\
[   +3 ms] Found plugin firebase_auth_web at C:\Users\hp\AppData\Local\Pub\Cache\hosted\pub.dev\firebase_auth_web-5.15.3\
[   +4 ms] Found plugin cloud_firestore at C:\Users\hp\AppData\Local\Pub\Cache\hosted\pub.dev\cloud_firestore-5.6.12\
[   +2 ms] Found plugin cloud_firestore_web at C:\Users\hp\AppData\Local\Pub\Cache\hosted\pub.dev\cloud_firestore_web-4.4.12\
[   +5 ms] Found plugin macos_ui at C:\Users\hp\AppData\Local\Pub\Cache\hosted\pub.dev\macos_ui-2.2.0\
[   +3 ms] Found plugin macos_window_utils at C:\Users\hp\AppData\Local\Pub\Cache\hosted\pub.dev\macos_window_utils-1.9.1\
[   +6 ms] Found plugin appkit_ui_element_colors at C:\Users\hp\AppData\Local\Pub\Cache\hosted\pub.dev\appkit_ui_element_colors-1.0.1\
[   +4 ms] Found plugin dynamic_color at C:\Users\hp\AppData\Local\Pub\Cache\hosted\pub.dev\dynamic_color-1.8.1\
[ +109 ms] Found plugin permission_handler at C:\Users\hp\AppData\Local\Pub\Cache\hosted\pub.dev\permission_handler-11.4.0\
[   +2 ms] Found plugin permission_handler_windows at C:\Users\hp\AppData\Local\Pub\Cache\hosted\pub.dev\permission_handler_windows-0.2.1\
[   +4 ms] Found plugin permission_handler_html at C:\Users\hp\AppData\Local\Pub\Cache\hosted\pub.dev\permission_handler_html-0.1.3+5\
[   +6 ms] Found plugin permission_handler_apple at C:\Users\hp\AppData\Local\Pub\Cache\hosted\pub.dev\permission_handler_apple-9.4.7\
[   +2 ms] Found plugin permission_handler_android at C:\Users\hp\AppData\Local\Pub\Cache\hosted\pub.dev\permission_handler_android-12.1.0\
[   +9 ms] Found plugin path_provider at C:\Users\hp\AppData\Local\Pub\Cache\hosted\pub.dev\path_provider-2.1.5\
[   +1 ms] Found plugin path_provider_windows at C:\Users\hp\AppData\Local\Pub\Cache\hosted\pub.dev\path_provider_windows-2.3.0\
[   +4 ms] Found plugin path_provider_linux at C:\Users\hp\AppData\Local\Pub\Cache\hosted\pub.dev\path_provider_linux-2.2.1\
[   +3 ms] Found plugin path_provider_foundation at C:\Users\hp\AppData\Local\Pub\Cache\hosted\pub.dev\path_provider_foundation-2.4.2\
[   +1 ms] Found plugin path_provider_android at C:\Users\hp\AppData\Local\Pub\Cache\hosted\pub.dev\path_provider_android-2.2.19\
[   +2 ms] Found plugin flutter_local_notifications at C:\Users\hp\AppData\Local\Pub\Cache\hosted\pub.dev\flutter_local_notifications-17.2.4\
[   +6 ms] Found plugin flutter_local_notifications_linux at C:\Users\hp\AppData\Local\Pub\Cache\hosted\pub.dev\flutter_local_notifications_linux-4.0.1\
[   +7 ms] Found plugin firebase_messaging at C:\Users\hp\AppData\Local\Pub\Cache\hosted\pub.dev\firebase_messaging-15.2.10\
[   +1 ms] Found plugin firebase_messaging_web at C:\Users\hp\AppData\Local\Pub\Cache\hosted\pub.dev\firebase_messaging_web-3.10.10\
[   +3 ms] Found plugin firebase_core at C:\Users\hp\AppData\Local\Pub\Cache\hosted\pub.dev\firebase_core-3.15.2\
[   +2 ms] Found plugin firebase_core_web at C:\Users\hp\AppData\Local\Pub\Cache\hosted\pub.dev\firebase_core_web-2.24.1\
[   +3 ms] Found plugin firebase_auth at C:\Users\hp\AppData\Local\Pub\Cache\hosted\pub.dev\firebase_auth-5.7.0\
[   +1 ms] Found plugin firebase_auth_web at C:\Users\hp\AppData\Local\Pub\Cache\hosted\pub.dev\firebase_auth_web-5.15.3\
[   +2 ms] Found plugin cloud_firestore at C:\Users\hp\AppData\Local\Pub\Cache\hosted\pub.dev\cloud_firestore-5.6.12\
[   +1 ms] Found plugin cloud_firestore_web at C:\Users\hp\AppData\Local\Pub\Cache\hosted\pub.dev\cloud_firestore_web-4.4.12\
[   +4 ms] Found plugin macos_ui at C:\Users\hp\AppData\Local\Pub\Cache\hosted\pub.dev\macos_ui-2.2.0\
[   +2 ms] Found plugin macos_window_utils at C:\Users\hp\AppData\Local\Pub\Cache\hosted\pub.dev\macos_window_utils-1.9.1\
[   +3 ms] Found plugin appkit_ui_element_colors at C:\Users\hp\AppData\Local\Pub\Cache\hosted\pub.dev\appkit_ui_element_colors-1.0.1\
[   +2 ms] Found plugin dynamic_color at C:\Users\hp\AppData\Local\Pub\Cache\hosted\pub.dev\dynamic_color-1.8.1\
[  +16 ms] Skipping generating web_plugin_registrant.dart because it is up-to-date.
[  +53 ms] Found plugin permission_handler at C:\Users\hp\AppData\Local\Pub\Cache\hosted\pub.dev\permission_handler-11.4.0\
[   +1 ms] Found plugin permission_handler_windows at C:\Users\hp\AppData\Local\Pub\Cache\hosted\pub.dev\permission_handler_windows-0.2.1\
[   +4 ms] Found plugin permission_handler_html at C:\Users\hp\AppData\Local\Pub\Cache\hosted\pub.dev\permission_handler_html-0.1.3+5\
[   +5 ms] Found plugin permission_handler_apple at C:\Users\hp\AppData\Local\Pub\Cache\hosted\pub.dev\permission_handler_apple-9.4.7\
[   +2 ms] Found plugin permission_handler_android at C:\Users\hp\AppData\Local\Pub\Cache\hosted\pub.dev\permission_handler_android-12.1.0\
[   +7 ms] Found plugin path_provider at C:\Users\hp\AppData\Local\Pub\Cache\hosted\pub.dev\path_provider-2.1.5\
[   +1 ms] Found plugin path_provider_windows at C:\Users\hp\AppData\Local\Pub\Cache\hosted\pub.dev\path_provider_windows-2.3.0\
[   +7 ms] Found plugin path_provider_linux at C:\Users\hp\AppData\Local\Pub\Cache\hosted\pub.dev\path_provider_linux-2.2.1\
[   +3 ms] Found plugin path_provider_foundation at C:\Users\hp\AppData\Local\Pub\Cache\hosted\pub.dev\path_provider_foundation-2.4.2\
[   +1 ms] Found plugin path_provider_android at C:\Users\hp\AppData\Local\Pub\Cache\hosted\pub.dev\path_provider_android-2.2.19\
[   +2 ms] Found plugin flutter_local_notifications at C:\Users\hp\AppData\Local\Pub\Cache\hosted\pub.dev\flutter_local_notifications-17.2.4\
[   +4 ms] Found plugin flutter_local_notifications_linux at C:\Users\hp\AppData\Local\Pub\Cache\hosted\pub.dev\flutter_local_notifications_linux-4.0.1\
[   +6 ms] Found plugin firebase_messaging at C:\Users\hp\AppData\Local\Pub\Cache\hosted\pub.dev\firebase_messaging-15.2.10\
[   +1 ms] Found plugin firebase_messaging_web at C:\Users\hp\AppData\Local\Pub\Cache\hosted\pub.dev\firebase_messaging_web-3.10.10\
[   +3 ms] Found plugin firebase_core at C:\Users\hp\AppData\Local\Pub\Cache\hosted\pub.dev\firebase_core-3.15.2\
[   +1 ms] Found plugin firebase_core_web at C:\Users\hp\AppData\Local\Pub\Cache\hosted\pub.dev\firebase_core_web-2.24.1\
[   +4 ms] Found plugin firebase_auth at C:\Users\hp\AppData\Local\Pub\Cache\hosted\pub.dev\firebase_auth-5.7.0\
[   +2 ms] Found plugin firebase_auth_web at C:\Users\hp\AppData\Local\Pub\Cache\hosted\pub.dev\firebase_auth_web-5.15.3\
[   +2 ms] Found plugin cloud_firestore at C:\Users\hp\AppData\Local\Pub\Cache\hosted\pub.dev\cloud_firestore-5.6.12\
[   +1 ms] Found plugin cloud_firestore_web at C:\Users\hp\AppData\Local\Pub\Cache\hosted\pub.dev\cloud_firestore_web-4.4.12\
[   +3 ms] Found plugin macos_ui at C:\Users\hp\AppData\Local\Pub\Cache\hosted\pub.dev\macos_ui-2.2.0\
[   +1 ms] Found plugin macos_window_utils at C:\Users\hp\AppData\Local\Pub\Cache\hosted\pub.dev\macos_window_utils-1.9.1\
[   +2 ms] Found plugin appkit_ui_element_colors at C:\Users\hp\AppData\Local\Pub\Cache\hosted\pub.dev\appkit_ui_element_colors-1.0.1\
[   +3 ms] Found plugin dynamic_color at C:\Users\hp\AppData\Local\Pub\Cache\hosted\pub.dev\dynamic_color-1.8.1\
[   +8 ms] Generating C:\projects\pharmacy_inventory_management\android\app\src\main\java\io\flutter\plugins\GeneratedPluginRegistrant.java
[   +1 ms] Skipping generating GeneratedPluginRegistrant.java because it is up-to-date.
[   +6 ms] Skipping generating generated_plugin_registrant.h because it is up-to-date.
[   +1 ms] Skipping generating generated_plugin_registrant.cc because it is up-to-date.
[   +1 ms] Skipping generating generated_plugins.cmake because it is up-to-date.
[   +2 ms] Skipping generating generated_plugin_registrant.h because it is up-to-date.
[   +1 ms] Skipping generating generated_plugin_registrant.cc because it is up-to-date.
[   +1 ms] Skipping generating generated_plugins.cmake because it is up-to-date.
[   +2 ms] Skipping generating GeneratedPluginRegistrant.h because it is up-to-date.
[   +2 ms] Skipping generating GeneratedPluginRegistrant.m because it is up-to-date.
[   +2 ms] Skipping generating GeneratedPluginRegistrant.swift because it is up-to-date.
[ +107 ms] executing: C:\Program Files (x86)\Microsoft Visual Studio\Installer\vswhere.exe -format json -products * -utf8 -latest -version 16 -requires Microsoft.VisualStudio.Workload.NativeDesktop Microsoft.VisualStudio.Component.VC.Tools.x86.x64 Microsoft.VisualStudio.Component.VC.CMake.Project
[  +78 ms] Exit code 0 from: C:\Program Files (x86)\Microsoft Visual Studio\Installer\vswhere.exe -format json -products * -utf8 -latest -version 16 -requires Microsoft.VisualStudio.Workload.NativeDesktop Microsoft.VisualStudio.Component.VC.Tools.x86.x64 Microsoft.VisualStudio.Component.VC.CMake.Project
[        ] [
             {
               "instanceId": "8b83f6f3",
               "installDate": "2026-04-07T14:47:19Z",
               "installationName": "VisualStudio/18.4.3+11626.88",
               "installationPath": "C:\\Program Files\\Microsoft Visual Studio\\18\\Community",
               "installationVersion": "18.4.11626.88",
               "productId": "Microsoft.VisualStudio.Product.Community",
               "productPath": "C:\\Program Files\\Microsoft Visual Studio\\18\\Community\\Common7\\IDE\\devenv.exe",
               "state": 4294967295,
               "isComplete": true,
               "isLaunchable": true,
               "isPrerelease": false,
               "isRebootRequired": false,
               "displayName": "Visual Studio Community 2026",
               "description": "Everything you need to build modern apps ΓÇô free for you, built for impact.",
               "channelId": "VisualStudio.18.Release",
               "channelUri": "https://aka.ms/vs/18/stable/channel",
               "enginePath": "C:\\Program Files (x86)\\Microsoft Visual Studio\\Installer\\resources\\app\\ServiceHub\\Services\\Microsoft.VisualStudio.Setup.Service",
               "expirationDate": "2026-06-24T17:00:00+00:00",
               "installedChannelId": "VisualStudio.18.Release",
               "installedChannelUri": "https://aka.ms/vs/18/stable/channel",
               "releaseNotes": "https://docs.microsoft.com/en-us/visualstudio/releases/18/release-notes-v18.4#18.4.3",
               "resolvedInstallationPath": "C:\\Program Files\\Microsoft Visual Studio\\18\\Community",
               "retirementDate": "2026-09-22T17:00:00+00:00",
               "thirdPartyNotices": "https://go.microsoft.com/fwlink/?LinkId=661480",
               "updateDate": "2026-04-07T14:47:19.797509Z",
               "catalog": {
                 "buildBranch": "stable",
                 "buildVersion": "18.4.11626.88",
                 "featureReleaseMonth": "03",
                 "featureReleaseYear": "2026",
                 "id": "VisualStudio/18.4.3+11626.88",
                 "includeBuildVersionInDisplayVersion": "False",
                 "localBuild": "build-lab",
                 "manifestName": "VisualStudio",
                 "manifestType": "installer",
                 "productDisplayVersion": "18.4.3",
                 "productLine": "Dev18",
                 "productLineVersion": "18",
                 "productMilestone": "RTW",
                 "productMilestoneIsPreRelease": "False",
                 "productName": "Visual Studio",
                 "productPatchVersion": "3",
                 "productPreReleaseMilestoneSuffix": "1.0",
                 "productRelease": "RTW",
                 "productSemanticVersion": "18.4.3+11626.88",
                 "requiredEngineVersion": "4.4.38.63497"
               },
               "properties": {
                 "appLocalWPF": "false",
                 "campaignId": "2500:4d79cd24d30d4676a662cf4a7dffe57d",
                 "canceled": "0",
                 "channelManifestId": "VisualStudio.18.Release/18.4.3+11626.88",
                 "includeRecommended": "1",
                 "nickname": "",
                 "setupEngineFilePath": "C:\\Program Files (x86)\\Microsoft Visual Studio\\Installer\\setup.exe"
               }
             }
           ]
[   +7 ms] Building Windows application...
[   +6 ms] executing: C:\Program Files\Microsoft Visual Studio\18\Community\Common7\IDE\CommonExtensions\Microsoft\CMake\CMake\bin\cmake.exe -S C:\projects\pharmacy_inventory_management\windows -B C:\projects\pharmacy_inventory_management\build\windows\x64 -G Visual Studio 18 2026 -A x64 -DFLUTTER_TARGET_PLATFORM=windows-x64
[  +67 ms] -- Selecting Windows SDK version 10.0.26100.0 to target Windows 10.0.26200.
[  +38 ms] -- Using cached Firebase SDK zip file
[        ] -- Using cached extracted Firebase SDK
[   +3 ms] CMake Deprecation 
Warning at C:/projects/pharmacy
_inventory_management/build/win
dows/x64/extracted/firebase_cpp
_sdk_windows/CMakeLists.txt:17 
(cmake_minimum_required):
[        ]   Compatibility 
with CMake < 3.10 will be 
removed from a future version 
of
[        ]   CMake.
[        ]   Update the 
VERSION argument <min> value.  
Or, use the <min>...<max> 
syntax
[        ]   to tell CMake 
that the project requires at 
least <min> but has been 
updated
[        ]   to work with 
policies introduced by <max> 
or earlier.
[  +23 ms] -- Could NOT find PkgConfig (missing: PKG_CONFIG_EXECUTABLE) 
[  +18 ms] Nuget.exe not 
found, trying to download or 
use cached version.
[+1686 ms] Feeds used:
[        ]   C:\Users\hp\.nuget\packages\
[        ]   https://api.nuget.org/v3/index.json
[  +65 ms] Package "Microsoft.Windows.CppWinRT.2.0.210806.1" is already installed.
[ +804 ms] -- Configuring done (2.7s)
[ +181 ms] -- Generating done (0.2s)
[   +1 ms] -- Build files have been written to: C:/projects/pharmacy_inventory_management/build/windows/x64
[  +17 ms] executing: C:\Program Files\Microsoft Visual Studio\18\Community\Common7\IDE\CommonExtensions\Microsoft\CMake\CMake\bin\cmake.exe --build C:\projects\pharmacy_inventory_management\build\windows\x64 --config Release --target INSTALL --verbose
[  +55 ms] Change Dir: 'C:/projects/pharmacy_inventory_management/build/windows/x64'
[        ] Run Build Command(s): "C:/Program Files/Microsoft Visual Studio/18/Community/MSBuild/Current/Bin/amd64/MSBuild.exe" INSTALL.vcxproj /p:Configuration=Release /p:Platform=x64 /p:VisualStudioVersion=18.0 /v:n
[  +68 ms] MSBuild version 18.4.0+6e61e96ac for .NET Framework
[  +37 ms] Build started 4/14/2026 12:46:22 PM.
[ +179 ms] Project "C:\projects\pharmacy_inventory_management\build\windows\x64\INSTALL.vcxproj" on node 1 (default targets).
[        ] Project "C:\projects\pharmacy_inventory_management\build\windows\x64\INSTALL.vcxproj" (1) is building "C:\projects\pharmacy_inventory_management\build\windows\x64\ZERO_CHECK.vcxproj" (2) on node 1 (default targets).
[        ] PrepareForBuild:
[        ]   Structured output is enabled. The formatting of compiler diagnostics will reflect the error hierarchy. See https://aka.ms/cpp/structured-output for more details.
[   +5 ms] InitializeBuildStatus:
[        ]   Creating "x64\Release\ZERO_CHECK\ZERO_CHECK.tlog\unsuccessfulbuild" because "AlwaysCreate" was specified.
[        ]   Touching "x64\Release\ZERO_CHECK\ZERO_CHECK.tlog\unsuccessfulbuild".
[  +14 ms] CustomBuild:
[        ]   All outputs are up-to-date.
[  +35 ms] FinalizeBuildStatus:
[        ]   Deleting file "x64\Release\ZERO_CHECK\ZERO_CHECK.tlog\unsuccessfulbuild".
[        ]   Touching "x64\Release\ZERO_CHECK\ZERO_CHECK.tlog\ZERO_CHECK.lastbuildstate".
[   +1 ms] Done Building Project "C:\projects\pharmacy_inventory_management\build\windows\x64\ZERO_CHECK.vcxproj" (default targets).
[ +110 ms] Project "C:\projects\pharmacy_inventory_management\build\windows\x64\INSTALL.vcxproj" (1) is building "C:\projects\pharmacy_inventory_management\build\windows\x64\ALL_BUILD.vcxproj" (3) on node 1 (default targets).
[        ] Project "C:\projects\pharmacy_inventory_management\build\windows\x64\ALL_BUILD.vcxproj" (3) is building "C:\projects\pharmacy_inventory_management\build\windows\x64\plugins\cloud_firestore\cloud_firestore_plugin.vcxproj" (4) on node 1 (default targets).
[        ] Project "C:\projects\pharmacy_inventory_management\build\windows\x64\plugins\cloud_firestore\cloud_firestore_plugin.vcxproj" (4) is building "C:\projects\pharmacy_inventory_management\build\windows\x64\flutter\flutter_assemble.vcxproj" (5) on node 1 (default targets).
[        ] PrepareForBuild:
[        ]   Structured output is enabled. The formatting of compiler diagnostics will reflect the error hierarchy. See https://aka.ms/cpp/structured-output for more details.
[   +2 ms] InitializeBuildStatus:
[        ]   Touching "x64\Release\flutter_assemble\flutter_assemble.tlog\unsuccessfulbuild".
[   +6 ms] CustomBuild:
[        ]   "The build of 'C:\projects\pharmacy_inventory_management\build\windows\x64\CMakeFiles\2a2fb350119ea5dafa1351fe471f39bd\flutter_assemble.rule' depends on 'C:\PROJECTS\PHARMACY_INVENTORY_MANAGEMENT\WINDOWS\FLUTTER\EPHEMERAL\FLUTTER_WINDOWS.DLL' which is produced by the build of 'C:\projects\pharmacy_inventory_management\build\windows\x64\CMakeFiles\1d11ec996277432ac1d27ff53cdc4097\flutter_windows.dll.rule'. The items cannot be built in parallel."
[  +67 ms]   Generating C:/projects/pharmacy_inventory_management/windows/flutter/ephemeral/flutter_windows.dll, C:/projects/pharmacy_inventory_management/windows/flutter/ephemeral/flutter_export.h, C:/projects/pharmacy_inventory_management/windows/flutter/ephemeral/flutter_windows.h, C:/projects/pharmacy_inventory_management/windows/flutter/ephemeral/flutter_messenger.h, C:/projects/pharmacy_inventory_management/windows/flutter/ephemeral/flutter_plugin_registrar.h, C:/projects/pharmacy_inventory_management/windows/flutter/ephemeral/flutter_texture_registrar.h, C:/projects/pharmacy_inventory_management/windows/flutter/ephemeral/cpp_client_wrapper/core_implementations.cc, C:/projects/pharmacy_inventory_management/windows/flutter/ephemeral/cpp_client_wrapper/standard_codec.cc, C:/projects/pharmacy_inventory_management/windows/flutter/ephemeral/cpp_client_wrapper/plugin_registrar.cc, C:/projects/pharmacy_inventory_management/windows/flutter/ephemeral/cpp_client_wrapper/flutter_engine.cc, C:/projects/pharmacy_inventory_management/windows/flutter/ephemeral/cpp_client_wrapper/flutter_view_controller.cc, _phony_
[+1466 ms]   [ +184 ms] Artifact Instance of 'MaterialFonts' is not required, skipping update.
[        ]   [   +1 ms] Artifact Instance of 'GradleWrapper' is not required, skipping update.
[        ]   [        ] Artifact Instance of 'AndroidGenSnapshotArtifacts' is not required, skipping update.
[        ]   [        ] Artifact Instance of 'AndroidInternalBuildArtifacts' is not required, skipping update.
[        ]   [        ] Artifact Instance of 'IOSEngineArtifacts' is not required, skipping update.
[        ]   [        ] Artifact Instance of 'FlutterWebSdk' is not required, skipping update.
[        ]   [   +1 ms] Artifact Instance of 'LegacyCanvasKitRemover' is not required, skipping update.
[        ]   [        ] Artifact Instance of 'FlutterSdk' is not required, skipping update.
[        ]   [        ] Artifact Instance of 'WindowsEngineArtifacts' is not required, skipping update.
[        ]   [        ] Artifact Instance of 'MacOSEngineArtifacts' is not required, skipping update.
[        ]   [        ] Artifact Instance of 'LinuxEngineArtifacts' is not required, skipping update.
[        ]   [        ] Artifact Instance of 'LinuxFuchsiaSDKArtifacts' is not required, skipping update.
[        ]   [        ] Artifact Instance of 'MacOSFuchsiaSDKArtifacts' is not required, skipping update.
[        ]   [        ] Artifact Instance of 'FlutterRunnerSDKArtifacts' is not required, skipping update.
[        ]   [        ] Artifact Instance of 'FlutterRunnerDebugSymbols' is not required, skipping update.
[        ]   [        ] Artifact Instance of 'IosUsbArtifacts' is not required, skipping update.
[        ]   [        ] Artifact Instance of 'IosUsbArtifacts' is not required, skipping update.
[        ]   [        ] Artifact Instance of 'IosUsbArtifacts' is not required, skipping update.
[        ]   [        ] Artifact Instance of 'IosUsbArtifacts' is not required, skipping update.
[        ]   [        ] Artifact Instance of 'IosUsbArtifacts' is not required, skipping update.
[        ]   [   +4 ms] Artifact Instance of 'IosUsbArtifacts' is not required, skipping update.
[        ]   [        ] Artifact Instance of 'FontSubsetArtifacts' is not required, skipping update.
[        ]   [        ] Artifact Instance of 'PubDependencies' is not required, skipping update.
[   +9 ms]   [  +11 ms] Artifact Instance of 'AndroidGenSnapshotArtifacts' is not required, skipping update.
[        ]   [        ] Artifact Instance of 'AndroidInternalBuildArtifacts' is not required, skipping update.
[        ]   [        ] Artifact Instance of 'IOSEngineArtifacts' is not required, skipping update.
[        ]   [        ] Artifact Instance of 'FlutterWebSdk' is not required, skipping update.
[        ]   [        ] Artifact Instance of 'FlutterEngineStamp' is not required, skipping update.
[   +1 ms]   [        ] Artifact Instance of 'LegacyCanvasKitRemover' is not required, skipping update.
[   +3 ms]   [   +5 ms] Artifact Instance of 'WindowsEngineArtifacts' is not required, skipping update.
[        ]   [        ] Artifact Instance of 'MacOSEngineArtifacts' is not required, skipping update.
[        ]   [        ] Artifact Instance of 'LinuxEngineArtifacts' is not required, skipping update.
[        ]   [        ] Artifact Instance of 'LinuxFuchsiaSDKArtifacts' is not required, skipping update.
[        ]   [        ] Artifact Instance of 'MacOSFuchsiaSDKArtifacts' is not required, skipping update.
[        ]   [        ] Artifact Instance of 'FlutterRunnerSDKArtifacts' is not required, skipping update.
[        ]   [        ] Artifact Instance of 'FlutterRunnerDebugSymbols' is not required, skipping update.
[   +2 ms]   [   +2 ms] Flutter assets will be downloaded from https://storage.flutter-io.cn. Make sure you trust this source!
[  +68 ms]   [  +68 ms] Artifact Instance of 'MaterialFonts' is not required, skipping update.
[        ]   [        ] Artifact Instance of 'GradleWrapper' is not required, skipping update.
[        ]   [        ] Artifact Instance of 'AndroidGenSnapshotArtifacts' is not required, skipping update.
[        ]   [        ] Artifact Instance of 'AndroidInternalBuildArtifacts' is not required, skipping update.
[        ]   [        ] Artifact Instance of 'IOSEngineArtifacts' is not required, skipping update.
[        ]   [        ] Artifact Instance of 'FlutterWebSdk' is not required, skipping update.
[        ]   [        ] Artifact Instance of 'FlutterEngineStamp' is not required, skipping update.
[        ]   [        ] Artifact Instance of 'LegacyCanvasKitRemover' is not required, skipping update.
[        ]   [        ] Artifact Instance of 'FlutterSdk' is not required, skipping update.
[   +2 ms]   [   +2 ms] Artifact Instance of 'MacOSEngineArtifacts' is not required, skipping update.
[        ]   [        ] Artifact Instance of 'LinuxEngineArtifacts' is not required, skipping update.
[        ]   [        ] Artifact Instance of 'LinuxFuchsiaSDKArtifacts' is not required, skipping update.
[        ]   [        ] Artifact Instance of 'MacOSFuchsiaSDKArtifacts' is not required, skipping update.
[        ]   [        ] Artifact Instance of 'FlutterRunnerSDKArtifacts' is not required, skipping update.
[        ]   [        ] Artifact Instance of 'FlutterRunnerDebugSymbols' is not required, skipping update.
[        ]   [        ] Artifact Instance of 'IosUsbArtifacts' is not required, skipping update.
[        ]   [        ] Artifact Instance of 'IosUsbArtifacts' is not required, skipping update.
[        ]   [        ] Artifact Instance of 'IosUsbArtifacts' is not required, skipping update.
[        ]   [        ] Artifact Instance of 'IosUsbArtifacts' is not required, skipping update.
[        ]   [        ] Artifact Instance of 'IosUsbArtifacts' is not required, skipping update.
[        ]   [        ] Artifact Instance of 'IosUsbArtifacts' is not required, skipping update.
[        ]   [        ] Artifact Instance of 'FontSubsetArtifacts' is not required, skipping update.
[        ]   [        ] Artifact Instance of 'PubDependencies' is not required, skipping update.
[  +41 ms]   [  +42 ms] Initializing file store
[  +27 ms]   [  +27 ms] Done initializing file store
[  +93 ms]   [  +93 ms] Skipping target: dart_build
[   +3 ms]   [   +2 ms] Skipping target: gen_dart_plugin_registrant
[+3120 ms]   [+3121 ms] Skipping target: unpack_windows
[        ]   [        ] Skipping target: install_code_assets
[        ]   [        ] Skipping target: gen_localizations
[ +520 ms]   [ +520 ms] kernel_snapshot_program: Starting due to {InvalidatedReasonKind.outputSetAddition: The following outputs were added to the output set: C:\projects\pharmacy_inventory_management\.dart_tool\flutter_build\d6009c1bb0648895634a2df33a6e70d4\app.dill}
[  +14 ms]   [  +14 ms] C:\flutter 2\flutter\bin\cache\dart-sdk\bin\dartaotruntime.exe C:\flutter 2\flutter\bin\cache\dart-sdk\bin\snapshots\frontend_server_aot.dart.snapshot --sdk-root C:\flutter 2\flutter\bin\cache\artifacts\engine\common\flutter_patched_sdk_product/ --target=flutter --no-print-incremental-dependencies -DFLUTTER_VERSION=3.41.6 -DFLUTTER_CHANNEL=stable -DFLUTTER_GIT_URL=https://github.com/flutter/flutter.git -DFLUTTER_FRAMEWORK_REVISION=db50e20168 -DFLUTTER_ENGINE_REVISION=425cfb54d0 -DFLUTTER_DART_VERSION=3.11.4 -Ddart.vm.profile=false -Ddart.vm.product=true --delete-tostring-package-uri=dart:ui --delete-tostring-package-uri=package:flutter --aot --tfa --target-os windows --packages C:\projects\pharmacy_inventory_management\.dart_tool\package_config.json --output-dill C:\projects\pharmacy_inventory_management\.dart_tool\flutter_build\d6009c1bb0648895634a2df33a6e70d4\app.dill --depfile C:\projects\pharmacy_inventory_management\.dart_tool\flutter_build\d6009c1bb0648895634a2df33a6e70d4\kernel_snapshot_program.d --source file:///C:/projects/pharmacy_inventory_management/.dart_tool/flutter_build/dart_plugin_registrant.dart --source package:flutter/src/dart_plugin_registrant.dart -Dflutter.dart_plugin_registrant=file:///C:/projects/pharmacy_inventory_management/.dart_tool/flutter_build/dart_plugin_registrant.dart --verbosity=error package:pharmacy_inventory_management/main.dart
[+3723 ms] [+3722 ms] lib/core/
theme/app_theme.dart(31,18): 
error GC2F972A8: The argument 
type 'CardTheme' can't be 
assigned to the parameter type 
'CardThemeData?'. [C:\projects\
pharmacy_inventory_management\b
uild\windows\x64\flutter\flutte
r_assemble.vcxproj]
[        ]   [        ]  - 'CardTheme' is from 'package:flutter/src/material/card_theme.dart' ('/C:/flutter%202/flutter/packages/flutter/lib/src/material/card_theme.dart').
[        ]   [        ]  - 'CardThemeData' is from 'package:flutter/src/material/card_theme.dart' ('/C:/flutter%202/flutter/packages/flutter/lib/src/material/card_theme.dart').
[        ]   [        ]       cardTheme: CardTheme(
[        ]   [        ]                  ^
[+6792 ms]   [+6792 ms] Persisting file store
[  +19 ms]   [  +19 ms] Done persisting file store
[   +4 ms]   [   +4 ms] Target kernel_snapshot_program failed: Exception
[   +1 ms]              #0      KernelSnapshot.build (package:flutter_tools/src/build_system/targets/common.dart:289:7)
[        ]              <asynchronous suspension>
[        ]              #1      _BuildInstance._invokeInternal (package:flutter_tools/src/build_system/build_system.dart:937:9)
[        ]              <asynchronous suspension>
[        ]              #2      Future.wait.<anonymous closure> (dart:async/future.dart:546:21)
[        ]              <asynchronous suspension>
[        ]              #3      _BuildInstance.invokeTarget (package:flutter_tools/src/build_system/build_system.dart:875:32)
[        ]              <asynchronous suspension>
[        ]              #4      Future.wait.<anonymous closure> (dart:async/future.dart:546:21)
[        ]              <asynchronous suspension>
[        ]              #5      _BuildInstance.invokeTarget (package:flutter_tools/src/build_system/build_system.dart:875:32)
[        ]              <asynchronous suspension>
[        ]              #6      Future.wait.<anonymous closure> (dart:async/future.dart:546:21)
[        ]              <asynchronous suspension>
[        ]              #7      _BuildInstance.invokeTarget (package:flutter_tools/src/build_system/build_system.dart:875:32)
[        ]              <asynchronous suspension>
[        ]              #8      FlutterBuildSystem.build (package:flutter_tools/src/build_system/build_system.dart:684:16)
[        ]              <asynchronous suspension>
[        ]              #9      AssembleCommand.runCommand (package:flutter_tools/src/commands/assemble.dart:365:32)
[        ]              <asynchronous suspension>
[        ]              #10     FlutterCommand.run.<anonymous closure> (package:flutter_tools/src/runner/flutter_command.dart:1590:27)
[        ]              <asynchronous suspension>
[        ]              #11     AppContext.run.<anonymous closure> (package:flutter_tools/src/base/context.dart:154:19)
[        ]              <asynchronous suspension>
[        ]              #12     CommandRunner.runCommand (package:args/command_runner.dart:212:13)
[        ]              <asynchronous suspension>
[        ]              #13     FlutterCommandRunner.runCommand.<anonymous closure> (package:flutter_tools/src/runner/flutter_command_runner.dart:496:9)
[        ]              <asynchronous suspension>
[        ]              #14     AppContext.run.<anonymous closure> (package:flutter_tools/src/base/context.dart:154:19)
[        ]              <asynchronous suspension>
[        ]              #15     FlutterCommandRunner.runCommand (package:flutter_tools/src/runner/flutter_command_runner.dart:431:5)
[        ]              <asynchronous suspension>
[        ]              #16     FlutterCommandRunner.run.<anonymous closure> (package:flutter_tools/src/runner/flutter_command_runner.dart:307:33)
[        ]              <asynchronous suspension>
[        ]              #17     run.<anonymous closure>.<anonymous closure> (package:flutter_tools/runner.dart:104:11)
[        ]              <asynchronous suspension>
[        ]              #18     AppContext.run.<anonymous closure> (package:flutter_tools/src/base/context.dart:154:19)
[        ]              <asynchronous suspension>
[        ]              #19     main (package:flutter_tools/executable.dart:103:3)
[        ]              <asynchronous suspension>
[        ]   [   +3 ms] "flutter assemble" took 14,460ms.
[  +54 ms]   [  +58 ms] 
[        ]              #0      throwToolExit (package:flutter_tools/src/base/common.dart:34:3)
[        ]              #1      AssembleCommand.runCommand (package:flutter_tools/src/commands/assemble.dart:383:7)
[        ]              <asynchronous suspension>
[        ]              #2      FlutterCommand.run.<anonymous closure> (package:flutter_tools/src/runner/flutter_command.dart:1590:27)
[        ]              <asynchronous suspension>
[        ]              #3      AppContext.run.<anonymous closure> (package:flutter_tools/src/base/context.dart:154:19)
[        ]              <asynchronous suspension>
[        ]              #4      CommandRunner.runCommand (package:args/command_runner.dart:212:13)
[        ]              <asynchronous suspension>
[        ]              #5      FlutterCommandRunner.runCommand.<anonymous closure> (package:flutter_tools/src/runner/flutter_command_runner.dart:496:9)
[        ]              <asynchronous suspension>
[        ]              #6      AppContext.run.<anonymous closure> (package:flutter_tools/src/base/context.dart:154:19)
[        ]              <asynchronous suspension>
[        ]              #7      FlutterCommandRunner.runCommand (package:flutter_tools/src/runner/flutter_command_runner.dart:431:5)
[        ]              <asynchronous suspension>
[        ]              #8      FlutterCommandRunner.run.<anonymous closure> (package:flutter_tools/src/runner/flutter_command_runner.dart:307:33)
[        ]              <asynchronous suspension>
[        ]              #9      run.<anonymous closure>.<anonymous closure> (package:flutter_tools/runner.dart:104:11)
[        ]   [        ] Running 1 shutdown hook
[        ]              <asynchronous suspension>
[        ]              #10     AppContext.run.<anonymous closure> (package:flutter_tools/src/base/context.dart:154:19)
[        ]              <asynchronous suspension>
[        ]              #11     main (package:flutter_tools/executable.dart:103:3)
[        ]              <asynchronous suspension>
[        ]   [   +1 ms] Shutdown hooks complete
[ +259 ms]   [ +261 ms] exiting with code 1
[  +80 ms] C:\Program 
Files\Microsoft Visual Studio\1
8\Community\MSBuild\Microsoft\V
C\v180\Microsoft.CppCommon.targ
ets(254,5): error MSB8066: 
Custom build for 'C:\projects\p
harmacy_inventory_management\bu
ild\windows\x64\CMakeFiles\1d11
ec996277432ac1d27ff53cdc4097\fl
utter_windows.dll.rule;C:\proje
cts\pharmacy_inventory_manageme
nt\build\windows\x64\CMakeFiles
\2a2fb350119ea5dafa1351fe471f39
bd\flutter_assemble.rule' 
exited with code 1. [C:\project
s\pharmacy_inventory_management
\build\windows\x64\flutter\flut
ter_assemble.vcxproj]
[   +5 ms] Done Building Project "C:\projects\pharmacy_inventory_management\build\windows\x64\flutter\flutter_assemble.vcxproj" (default targets) -- FAILED.
[   +1 ms] Done Building Project "C:\projects\pharmacy_inventory_management\build\windows\x64\plugins\cloud_firestore\cloud_firestore_plugin.vcxproj" (default targets) -- FAILED.
[ +205 ms] Done Building Project "C:\projects\pharmacy_inventory_management\build\windows\x64\ALL_BUILD.vcxproj" (default targets) -- FAILED.
[        ] Done Building Project "C:\projects\pharmacy_inventory_management\build\windows\x64\INSTALL.vcxproj" (default targets) -- FAILED.
[   +1 ms] Build FAILED.
[   +4 ms] "C:\projects\pharmacy_inventory_management\build\windows\x64\INSTALL.vcxproj" (default target) (1) ->
[        ] "C:\projects\pharmacy_inventory_management\build\windows\x64\ALL_BUILD.vcxproj" (default target) (3) ->
[        ] "C:\projects\pharmacy_inventory_management\build\windows\x64\plugins\cloud_firestore\cloud_firestore_plugin.vcxproj" (default target) (4) ->
[        ] "C:\projects\pharmacy_inventory_management\build\windows\x64\flutter\flutter_assemble.vcxproj" (default target) (5) ->
[        ] (CustomBuild target) -> 
[        ]   [+3722 ms] lib/cor
e/theme/app_theme.dart(31,18): 
error GC2F972A8: The argument 
type 'CardTheme' can't be 
assigned to the parameter type 
'CardThemeData?'. [C:\projects\
pharmacy_inventory_management\b
uild\windows\x64\flutter\flutte
r_assemble.vcxproj]
[        ]   C:\Program 
Files\Microsoft Visual Studio\1
8\Community\MSBuild\Microsoft\V
C\v180\Microsoft.CppCommon.targ
ets(254,5): error MSB8066: 
Custom build for 'C:\projects\p
harmacy_inventory_management\bu
ild\windows\x64\CMakeFiles\1d11
ec996277432ac1d27ff53cdc4097\fl
utter_windows.dll.rule;C:\proje
cts\pharmacy_inventory_manageme
nt\build\windows\x64\CMakeFiles
\2a2fb350119ea5dafa1351fe471f39
bd\flutter_assemble.rule' 
exited with code 1. [C:\project
s\pharmacy_inventory_management
\build\windows\x64\flutter\flut
ter_assemble.vcxproj]
[        ]     0 Warning(s)
[        ]     2 Error(s)
[        ] Time Elapsed 00:00:16.97
[  +40 ms] Building Windows application... (completed in 20.1s)
[        ] "flutter windows" took 21,077ms.
[  +44 ms] Build process 
failed.
[        ] 
           #0      
throwToolExit (package:flutter_
tools/src/base/common.dart:34:3
)
           #1      _runBuild (p
ackage:flutter_tools/src/window
s/build_windows.dart:262:5)
           <asynchronous 
suspension>
           #2      
buildWindows (package:flutter_t
ools/src/windows/build_windows.
dart:118:5)
           <asynchronous 
suspension>
           #3      
BuildWindowsCommand.runCommand 
(package:flutter_tools/src/comm
ands/build_windows.dart:72:5)
           <asynchronous 
suspension>
           #4      
FlutterCommand.run.<anonymous 
closure> (package:flutter_tools
/src/runner/flutter_command.dar
t:1590:27)
           <asynchronous 
suspension>
           #5      
AppContext.run.<anonymous 
closure> (package:flutter_tools
/src/base/context.dart:154:19)
           <asynchronous 
suspension>
           #6      
CommandRunner.runCommand (packa
ge:args/command_runner.dart:212
:13)
           <asynchronous 
suspension>
           #7      FlutterComma
ndRunner.runCommand.<anonymous 
closure> (package:flutter_tools
/src/runner/flutter_command_run
ner.dart:496:9)
           <asynchronous 
suspension>
           #8      
AppContext.run.<anonymous 
closure> (package:flutter_tools
/src/base/context.dart:154:19)
           <asynchronous 
suspension>
           #9      FlutterComma
ndRunner.runCommand (package:fl
utter_tools/src/runner/flutter_
command_runner.dart:431:5)
           <asynchronous 
suspension>
           #10     FlutterComma
ndRunner.run.<anonymous 
closure> (package:flutter_tools
/src/runner/flutter_command_run
ner.dart:307:33)
           <asynchronous 
suspension>
           #11     
run.<anonymous 
closure>.<anonymous closure> (p
ackage:flutter_tools/runner.dar
t:104:11)
           <asynchronous 
suspension>
           #12     
AppContext.run.<anonymous 
closure> (package:flutter_tools
/src/base/context.dart:154:19)
           <asynchronous 
suspension>
           #13     main (packag
e:flutter_tools/executable.dart
:103:3)
           <asynchronous 
suspension>


[        ] Running 1 shutdown hook
[   +1 ms] Shutdown hooks complete
[ +259 ms] exiting with code 1
